Loaded module: cuda/11.8
Elapsed time: 19.180345 s
	Command being timed: "python Task_9.py 10"
	User time (seconds): 18.78
	System time (seconds): 0.45
	Percent of CPU this job got: 93%
	Elapsed (wall clock) time (h:mm:ss or m:ss): 0:20.56
	Average shared text size (kbytes): 0
	Average unshared data size (kbytes): 0
	Average stack size (kbytes): 0
	Average total size (kbytes): 0
	Maximum resident set size (kbytes): 248884
	Average resident set size (kbytes): 0
	Major (requiring I/O) page faults: 735
	Minor (reclaiming a frame) page faults: 36771
	Voluntary context switches: 3901
	Involuntary context switches: 26
	Swaps: 0
	File system inputs: 140816
	File system outputs: 16
	Socket messages sent: 0
	Socket messages received: 0
	Signals delivered: 0
	Page size (bytes): 4096
	Exit status: 0
Elapsed time: 46.052440 s
	Command being timed: "python Task_9.py 20"
	User time (seconds): 46.21
	System time (seconds): 0.41
	Percent of CPU this job got: 99%
	Elapsed (wall clock) time (h:mm:ss or m:ss): 0:46.91
	Average shared text size (kbytes): 0
	Average unshared data size (kbytes): 0
	Average stack size (kbytes): 0
	Average total size (kbytes): 0
	Maximum resident set size (kbytes): 249868
	Average resident set size (kbytes): 0
	Major (requiring I/O) page faults: 3
	Minor (reclaiming a frame) page faults: 39071
	Voluntary context switches: 3025
	Involuntary context switches: 42
	Swaps: 0
	File system inputs: 48
	File system outputs: 16
	Socket messages sent: 0
	Socket messages received: 0
	Signals delivered: 0
	Page size (bytes): 4096
	Exit status: 0
Elapsed time: 84.869716 s
	Command being timed: "python Task_9.py 40"
	User time (seconds): 85.06
	System time (seconds): 0.41
	Percent of CPU this job got: 99%
	Elapsed (wall clock) time (h:mm:ss or m:ss): 1:25.78
	Average shared text size (kbytes): 0
	Average unshared data size (kbytes): 0
	Average stack size (kbytes): 0
	Average total size (kbytes): 0
	Maximum resident set size (kbytes): 253664
	Average resident set size (kbytes): 0
	Major (requiring I/O) page faults: 0
	Minor (reclaiming a frame) page faults: 40317
	Voluntary context switches: 4092
	Involuntary context switches: 53
	Swaps: 0
	File system inputs: 48
	File system outputs: 24
	Socket messages sent: 0
	Socket messages received: 0
	Signals delivered: 0
	Page size (bytes): 4096
	Exit status: 0
