======================================
Running with n_floorplans = 10
======================================
building_id, mean_temp, std_temp, pct_above_18, pct_below_15
10000, 14.012338788112752, 6.367431059312565, 30.941014791508444, 55.542295034537624
10009, 11.000135812436369, 5.811144379826625, 16.6712734948236, 74.9723590310584
10014, 14.744169941950117, 7.037733284673849, 38.26367541377415, 52.80837116508215
10019, 14.735524480624484, 7.030325006703675, 38.14915412864569, 52.92926826787113
10029, 10.616037322820358, 6.317331938274926, 18.25563221896085, 74.51301795448481
10031, 12.507072852890545, 6.278432089100354, 24.044722033998173, 66.39513301711693
10051, 13.289039951277404, 5.999085063388632, 25.97693550756574, 62.859923608050536
10053, 11.366493551285707, 6.26121798185875, 19.9510754583921, 72.41052538787024
10056, 14.220114507861702, 6.179461157398302, 31.763454814173965, 57.06174975667784
10064, 12.716968937395848, 6.964227784263681, 28.79137124461432, 62.75688345539249
======================================
Running with n_floorplans = 20
======================================
building_id, mean_temp, std_temp, pct_above_18, pct_below_15
10000, 14.012338788112752, 6.367431059312565, 30.941014791508444, 55.542295034537624
10009, 11.000135812436369, 5.811144379826625, 16.6712734948236, 74.9723590310584
10014, 14.744169941950117, 7.037733284673849, 38.26367541377415, 52.80837116508215
10019, 14.735524480624484, 7.030325006703675, 38.14915412864569, 52.92926826787113
10029, 10.616037322820358, 6.317331938274926, 18.25563221896085, 74.51301795448481
10031, 12.507072852890545, 6.278432089100354, 24.044722033998173, 66.39513301711693
10051, 13.289039951277404, 5.999085063388632, 25.97693550756574, 62.859923608050536
10053, 11.366493551285707, 6.26121798185875, 19.9510754583921, 72.41052538787024
10056, 14.220114507861702, 6.179461157398302, 31.763454814173965, 57.06174975667784
10064, 12.716968937395848, 6.964227784263681, 28.79137124461432, 62.75688345539249
10075, 15.156939199079357, 6.440520340370851, 39.12088154756647, 47.45605511880576
10079, 15.094353507626133, 7.313911268349322, 41.90001451870493, 49.44974108309539
10080, 15.777740694240357, 7.280585752157965, 46.365765006711015, 44.711034476002
10082, 16.465720758630678, 6.713345052234242, 48.64349722630506, 40.56137689061685
10083, 15.639247995421401, 7.120808056609733, 44.855518923515284, 45.886354482120744
10084, 15.100584697661853, 7.150541807748643, 40.90648998644782, 50.266526125583496
10085, 15.868862158668058, 7.192791728448739, 46.18303917834116, 44.72566696293788
10086, 14.391525374209255, 7.2156160731937105, 37.25664572257129, 53.01884968583857
10087, 15.07320590503116, 7.275519953981683, 41.532405798190645, 49.89713190601896
10089, 13.989763514400204, 7.276278123379982, 35.45861191757374, 56.3640146392669
======================================
Running with n_floorplans = 40
======================================
building_id, mean_temp, std_temp, pct_above_18, pct_below_15
10000, 14.012338788112752, 6.367431059312565, 30.941014791508444, 55.542295034537624
10009, 11.000135812436369, 5.811144379826625, 16.6712734948236, 74.9723590310584
10014, 14.744169941950117, 7.037733284673849, 38.26367541377415, 52.80837116508215
10019, 14.735524480624484, 7.030325006703675, 38.14915412864569, 52.92926826787113
10029, 10.616037322820358, 6.317331938274926, 18.25563221896085, 74.51301795448481
10031, 12.507072852890545, 6.278432089100354, 24.044722033998173, 66.39513301711693
10051, 13.289039951277404, 5.999085063388632, 25.97693550756574, 62.859923608050536
10053, 11.366493551285707, 6.26121798185875, 19.9510754583921, 72.41052538787024
10056, 14.220114507861702, 6.179461157398302, 31.763454814173965, 57.06174975667784
10064, 12.716968937395848, 6.964227784263681, 28.79137124461432, 62.75688345539249
10075, 15.156939199079357, 6.440520340370851, 39.12088154756647, 47.45605511880576
10079, 15.094353507626133, 7.313911268349322, 41.90001451870493, 49.44974108309539
10080, 15.777740694240357, 7.280585752157965, 46.365765006711015, 44.711034476002
10082, 16.465720758630678, 6.713345052234242, 48.64349722630506, 40.56137689061685
10083, 15.639247995421401, 7.120808056609733, 44.855518923515284, 45.886354482120744
10084, 15.100584697661853, 7.150541807748643, 40.90648998644782, 50.266526125583496
10085, 15.868862158668058, 7.192791728448739, 46.18303917834116, 44.72566696293788
10086, 14.391525374209255, 7.2156160731937105, 37.25664572257129, 53.01884968583857
10087, 15.07320590503116, 7.275519953981683, 41.532405798190645, 49.89713190601896
10089, 13.989763514400204, 7.276278123379982, 35.45861191757374, 56.3640146392669
10090, 14.289771510081428, 6.618760487919524, 36.61720380245769, 51.19638302805471
10093, 14.095290264085055, 6.567366222528459, 33.37738587863163, 56.457308750568714
10094, 14.194041456709904, 6.76150838605498, 35.37678542111312, 54.92584687790729
10097, 14.352951510344381, 6.86234699647944, 37.78967295515373, 51.308832169201644
10117, 15.46497230222894, 6.68210644831902, 44.11653993826696, 44.475394614670385
10119, 14.087564093649062, 6.751740274837882, 35.080178957422206, 54.69763233298145
10120, 15.281836130405736, 8.031455943482149, 46.168775716171105, 47.71627461636002
10124, 13.865677573440333, 7.0324711530465995, 34.5643361911253, 56.06951967571834
10126, 13.395546512329362, 6.636761690822022, 29.66113660430639, 61.092481468408046
10128, 17.426229514140754, 6.706338569021849, 56.03287758684896, 34.885886045645584
10136, 15.423199679945062, 7.273070414891296, 44.30778965268372, 46.891158413002856
10144, 12.10717489837954, 6.127343501466292, 21.81051363157102, 68.90344931465582
10145, 10.648821565579272, 5.892590121948323, 16.560690898737782, 75.29657397741293
10150, 14.95997943752894, 7.495508230523557, 41.195779166589396, 50.74272573855312
10161, 13.448710200277965, 7.030556040226304, 31.809772738844856, 59.47317503691508
10165, 13.0532923906784, 6.732527924564912, 29.06502057613169, 62.05925925925926
10167, 13.231428641403625, 6.814880423764032, 30.187672922430746, 60.85369512317077
10168, 13.19233253677453, 6.9011012766967585, 30.320607642062924, 60.489969584656045
10174, 16.575945822969278, 6.973659852751726, 49.40673048013928, 41.37923801399794
10176, 16.650126478576553, 6.857895119600344, 49.7586724900548, 40.73914373939411

------------------------------------------------------------
Sender: LSF System <lsfadmin@hpc.dtu.dk>
Subject: Job 28232490: <CuPy_solution> in cluster <dcc> Done

Job <CuPy_solution> was submitted from host <hpclogin1> by user <s214704> in cluster <dcc> at Fri Apr 17 15:49:30 2026
Job was executed on host(s) <4*n-62-18-13>, in queue <c02613>, as user <s214704> in cluster <dcc> at Fri Apr 17 15:49:32 2026
</zhome/87/1/168411> was used as the home directory.
</zhome/87/1/168411/Desktop/pHPC/project> was used as the working directory.
Started at Fri Apr 17 15:49:32 2026
Terminated at Fri Apr 17 15:52:08 2026
Results reported at Fri Apr 17 15:52:08 2026

Your job looked like:

------------------------------------------------------------
# LSBATCH: User input
#!/bin/bash

#BSUB -J CuPy_solution
#BSUB -q c02613

#BSUB -n 4
#BSUB -R "span[hosts=1]"
#BSUB -W 00:30

#BSUB -o CuPy_solution.out
#BSUB -e CuPy_solution.err

#BSUB -R "rusage[mem=1GB]"
#BSUB -M 1GB

#BSUB -gpu "num=1:mode=exclusive_process"

source /dtu/projects/02613_2025/conda/conda_init.sh
conda activate 02613_2026

# Run for a small subset of floorplans and time the execution
for n in 10 20 40
do
    echo "======================================"
    echo "Running with n_floorplans = $n"
    echo "======================================"

    /usr/bin/time -v python Task_9.py $n
done

------------------------------------------------------------

Successfully completed.

Resource usage summary:

    CPU time :                                   152.66 sec.
    Max Memory :                                 105 MB
    Average Memory :                             103.67 MB
    Total Requested Memory :                     4096.00 MB
    Delta Memory :                               3991.00 MB
    Max Swap :                                   -
    Max Processes :                              5
    Max Threads :                                11
    Run time :                                   156 sec.
    Turnaround time :                            158 sec.

The output (if any) is above this job summary.



PS:

Read file <CuPy_solution.err> for stderr output of this job.

