Working directory: /zhome/f0/7/167720/Python_and_HPC/Project
Average mean temperature: 14.713
Average temperature standard deviation: 6.798
Buildings with ≥50% area above 18°C: 813
Buildings with ≥50% area below 15°C: 2460

------------------------------------------------------------
Sender: LSF System <lsfadmin@hpc.dtu.dk>
Subject: Job 28240757: <stats_final> in cluster <dcc> Done

Job <stats_final> was submitted from host <hpclogin1> by user <s214725> in cluster <dcc> at Mon Apr 20 12:03:01 2026
Job was executed on host(s) <4*n-62-18-13>, in queue <c02613>, as user <s214725> in cluster <dcc> at Mon Apr 20 12:03:02 2026
</zhome/f0/7/167720> was used as the home directory.
</zhome/f0/7/167720/Python_and_HPC/Project> was used as the working directory.
Started at Mon Apr 20 12:03:02 2026
Terminated at Mon Apr 20 12:03:06 2026
Results reported at Mon Apr 20 12:03:06 2026

Your job looked like:

------------------------------------------------------------
# LSBATCH: User input
#!/bin/bash

#BSUB -J stats_final
#BSUB -q c02613
#BSUB -n 4
#BSUB -R "span[hosts=1]"
#BSUB -W 00:05

# Output files
#BSUB -o stats_final.out
#BSUB -e stats_final.err

# Memory requirements
#BSUB -R "rusage[mem=4GB]"
#BSUB -gpu"num=1:mode=exclusive_process"

# Same CPU model for fair timings
#BSUB -R "select[model == XeonGold6326]"

source /dtu/projects/02613_2025/conda/conda_init.sh
conda activate 02613_2026

python Task_12_stats.py


------------------------------------------------------------

Successfully completed.

Resource usage summary:

    CPU time :                                   1.86 sec.
    Max Memory :                                 16 MB
    Average Memory :                             11.00 MB
    Total Requested Memory :                     16384.00 MB
    Delta Memory :                               16368.00 MB
    Max Swap :                                   -
    Max Processes :                              1
    Max Threads :                                1
    Run time :                                   4 sec.
    Turnaround time :                            5 sec.

The output (if any) is above this job summary.



PS:

Read file <stats_final.err> for stderr output of this job.

