=== profiling ===
building_id, mean_temp, std_temp, pct_above_18, pct_below_15
10000, 14.0124133007473, 6.367434292880199, 30.941014791508444, 55.542295034537624
Generating '/tmp/nsys-report-d9ea.qdstrm'
[1/1] [0%                          ] cupy_profile_modified.nsys-rep[1/1] [0%                          ] cupy_profile_modified.nsys-rep[1/1] [========================100%] cupy_profile_modified.nsys-rep
Generated:
    /zhome/f0/7/167720/Python_and_HPC/Project/cupy_profile_modified.qdstrm
    /zhome/f0/7/167720/Python_and_HPC/Project/cupy_profile_modified.nsys-rep
=== stats ===
Generating SQLite file cupy_profile_modified.sqlite from cupy_profile_modified.nsys-rep
Processing [cupy_profile_modified.sqlite] with [/appl/cuda/11.8.0/nsight-systems-2022.4.2/host-linux-x64/reports/nvtxsum.py]... 

 ** NVTX Range Summary (nvtxsum):

 Time (%)  Total Time (ns)  Instances  Avg (ns)  Med (ns)  Min (ns)  Max (ns)  StdDev (ns)   Style               Range             
 --------  ---------------  ---------  --------  --------  --------  --------  -----------  -------  ------------------------------
    100.0          2128777         77   27646.5   23962.0     22408    162999      16484.9  PushPop  CCCL:cub::DeviceReduce::Reduce

Processing [cupy_profile_modified.sqlite] with [/appl/cuda/11.8.0/nsight-systems-2022.4.2/host-linux-x64/reports/osrtsum.py]... 

 ** OS Runtime Summary (osrtsum):

 Time (%)  Total Time (ns)  Num Calls   Avg (ns)     Med (ns)    Min (ns)   Max (ns)   StdDev (ns)           Name         
 --------  ---------------  ---------  -----------  -----------  ---------  ---------  -----------  ----------------------
     61.3       2961004283        600    4935007.1    4943632.5       1649   13063311    2908966.7  open64                
     20.6        995802900         21   47419185.7   12266919.0       3741  215651357   58266098.6  poll                  
     14.1        680161032          1  680161032.0  680161032.0  680161032  680161032          0.0  sem_wait              
      2.2        108031713        509     212243.1      14869.0       1010   14030907     773858.9  ioctl                 
      0.8         38715928         45     860354.0       8271.0       2179   22936256    3557973.0  fopen                 
      0.3         14139308       1044      13543.4       3732.0       1015     427005      30883.7  read                  
      0.3         13310953          8    1663869.1       5658.0       2446    8890996    3297260.4  fopen64               
      0.1          6236788       1086       5742.9       1098.0       1005    4575169     138822.9  fclose                
      0.1          2761064         10     276106.4     144973.0      61513    1504383     437017.4  sem_timedwait         
      0.1          2511419        152      16522.5       5450.0       2775     976974      79593.0  mmap64                
      0.0          1914104         15     127606.9       1788.0       1201    1041296     333598.0  fcntl                 
      0.0          1631508        114      14311.5      13083.5       6653      54448       5483.7  munmap                
      0.0          1458625          5     291725.0     345322.0      65685     574311     215273.5  pthread_create        
      0.0          1103350        244       4521.9       1238.5       1000      90163       7549.4  fgets                 
      0.0          1008130          7     144018.6      18634.0       2415     513516     218837.2  fread                 
      0.0           368577          1     368577.0     368577.0     368577     368577          0.0  pthread_cond_wait     
      0.0           327351         20      16367.6      12948.5       4257      51252      12378.7  mmap                  
      0.0           118819         69       1722.0       1163.0       1002      18699       2769.1  sigaction             
      0.0           110438          1     110438.0     110438.0     110438     110438          0.0  waitpid               
      0.0            96593          7      13799.0      11730.0       6404      27263       7259.8  pipe2                 
      0.0            53834          7       7690.6       4552.0       1015      19624       8187.6  pthread_cond_signal   
      0.0            47559          6       7926.5       8652.0       4099      10084       2407.7  open                  
      0.0            33350         10       3335.0       2879.0       1175       8616       2230.3  write                 
      0.0            31908          2      15954.0      15954.0      12827      19081       4422.2  socket                
      0.0            23080          2      11540.0      11540.0       5053      18027       9174.0  pthread_cond_broadcast
      0.0            15851          1      15851.0      15851.0      15851      15851          0.0  connect               
      0.0            10128          2       5064.0       5064.0       4382       5746        964.5  flockfile             
      0.0             6995          2       3497.5       3497.5       2969       4026        747.4  fwrite                
      0.0             6814          1       6814.0       6814.0       6814       6814          0.0  fflush                
      0.0             4388          2       2194.0       2194.0       1343       3045       1203.5  dup2                  
      0.0             3997          1       3997.0       3997.0       3997       3997          0.0  bind                  
      0.0             3321          1       3321.0       3321.0       3321       3321          0.0  fputs                 
      0.0             1305          1       1305.0       1305.0       1305       1305          0.0  listen                

Processing [cupy_profile_modified.sqlite] with [/appl/cuda/11.8.0/nsight-systems-2022.4.2/host-linux-x64/reports/cudaapisum.py]... 

 ** CUDA API Summary (cudaapisum):

 Time (%)  Total Time (ns)  Num Calls   Avg (ns)   Med (ns)   Min (ns)  Max (ns)   StdDev (ns)              Name            
 --------  ---------------  ---------  ----------  ---------  --------  ---------  -----------  ----------------------------
     97.2        118811434          7  16973062.0   121508.0     65705  118114285   44599097.8  cudaMalloc                  
      1.7          2036754          2   1018377.0  1018377.0   1003970    1032784      20374.6  cudaHostAlloc               
      0.8           923522          5    184704.4   152972.0    123648     342535      89511.5  cuModuleLoadData            
      0.1           176153         22      8007.0     5210.5      3691      25217       5694.2  cuLaunchKernel              
      0.1           109445          5     21889.0    26863.0      6293      33895      11505.2  cudaMemcpyAsync             
      0.1            66812          1     66812.0    66812.0     66812      66812          0.0  cudaMemGetInfo              
      0.0            38708          1     38708.0    38708.0     38708      38708          0.0  cudaMemsetAsync             
      0.0            18065          3      6021.7     4414.0      4091       9560       3068.5  cudaEventQuery              
      0.0            12744          2      6372.0     6372.0      5685       7059        971.6  cudaEventRecord             
      0.0             7746          2      3873.0     3873.0      3733       4013        198.0  cudaEventCreateWithFlags    
      0.0             7724          3      2574.7     3382.0       523       3819       1790.2  cudaStreamIsCapturing_v10000
      0.0             6065          2      3032.5     3032.5      1461       4604       2222.4  cudaEventDestroy            
      0.0             5408          1      5408.0     5408.0      5408       5408          0.0  cuInit                      
      0.0             2233          1      2233.0     2233.0      2233       2233          0.0  cudaStreamSynchronize       
      0.0             1940          1      1940.0     1940.0      1940       1940          0.0  cuModuleGetLoadingMode      

Processing [cupy_profile_modified.sqlite] with [/appl/cuda/11.8.0/nsight-systems-2022.4.2/host-linux-x64/reports/gpukernsum.py]... 

 ** CUDA GPU Kernel Summary (gpukernsum):

 Time (%)  Total Time (ns)  Instances  Avg (ns)  Med (ns)  Min (ns)  Max (ns)  StdDev (ns)     GridXYZ         BlockXYZ                     Name                
 --------  ---------------  ---------  --------  --------  --------  --------  -----------  --------------  --------------  ------------------------------------
     49.4            66144          8    8268.0    8240.0      7936      8768        269.9  2048    1    1   128    1    1  cupy_add__float64_float64_float64   
     23.1            30943          4    7735.8    7599.5      7584      8160        283.2  2048    1    1   128    1    1  cupy_copy__float64_float64          
     16.4            21952          3    7317.3    7296.0      7232      7424         97.8  2048    1    1   128    1    1  cupy_multiply__float_float64_float64
     11.1            14816          2    7408.0    7408.0      7328      7488        113.1  2065    1    1   128    1    1  cupy_copy__float64_float64          

Processing [cupy_profile_modified.sqlite] with [/appl/cuda/11.8.0/nsight-systems-2022.4.2/host-linux-x64/reports/gpumemtimesum.py]... 

 ** GPU MemOps Summary (by Time) (gpumemtimesum):

 Time (%)  Total Time (ns)  Count  Avg (ns)  Med (ns)  Min (ns)  Max (ns)  StdDev (ns)      Operation     
 --------  ---------------  -----  --------  --------  --------  --------  -----------  ------------------
     81.1           100191      2   50095.5   50095.5     13696     86495      51476.7  [CUDA memcpy HtoD]
     12.0            14816      2    7408.0    7408.0      3904     10912       4955.4  [CUDA memcpy DtoD]
      5.8             7168      1    7168.0    7168.0      7168      7168          0.0  [CUDA memset]     
      1.2             1439      1    1439.0    1439.0      1439      1439          0.0  [CUDA memcpy DtoH]

Processing [cupy_profile_modified.sqlite] with [/appl/cuda/11.8.0/nsight-systems-2022.4.2/host-linux-x64/reports/gpumemsizesum.py]... 

 ** GPU MemOps Summary (by Size) (gpumemsizesum):

 Total (MB)  Count  Avg (MB)  Med (MB)  Min (MB)  Max (MB)  StdDev (MB)      Operation     
 ----------  -----  --------  --------  --------  --------  -----------  ------------------
      2.376      2     1.188     1.188     0.262     2.114        1.309  [CUDA memcpy DtoD]
      2.359      2     1.180     1.180     0.262     2.097        1.298  [CUDA memcpy HtoD]
      2.114      1     2.114     2.114     2.114     2.114        0.000  [CUDA memset]     
      0.000      1     0.000     0.000     0.000     0.000        0.000  [CUDA memcpy DtoH]

Processing [cupy_profile_modified.sqlite] with [/appl/cuda/11.8.0/nsight-systems-2022.4.2/host-linux-x64/reports/openmpevtsum.py]... 
SKIPPED: cupy_profile_modified.sqlite does not contain OpenMP event data.

Processing [cupy_profile_modified.sqlite] with [/appl/cuda/11.8.0/nsight-systems-2022.4.2/host-linux-x64/reports/khrdebugsum.py]... 
SKIPPED: cupy_profile_modified.sqlite does not contain KHR Extension (KHR_DEBUG) data.

Processing [cupy_profile_modified.sqlite] with [/appl/cuda/11.8.0/nsight-systems-2022.4.2/host-linux-x64/reports/khrdebuggpusum.py]... 
SKIPPED: cupy_profile_modified.sqlite does not contain GPU KHR Extension (KHR_DEBUG) data.

Processing [cupy_profile_modified.sqlite] with [/appl/cuda/11.8.0/nsight-systems-2022.4.2/host-linux-x64/reports/vulkanmarkerssum.py]... 
SKIPPED: cupy_profile_modified.sqlite does not contain Vulkan Debug Extension (Vulkan Debug Util) data.

Processing [cupy_profile_modified.sqlite] with [/appl/cuda/11.8.0/nsight-systems-2022.4.2/host-linux-x64/reports/vulkangpumarkersum.py]... 
SKIPPED: cupy_profile_modified.sqlite does not contain GPU Vulkan Debug Extension (GPU Vulkan Debug markers) data.

Processing [cupy_profile_modified.sqlite] with [/appl/cuda/11.8.0/nsight-systems-2022.4.2/host-linux-x64/reports/dx11pixsum.py]... 
SKIPPED: cupy_profile_modified.sqlite does not contain DX11 CPU debug markers.

Processing [cupy_profile_modified.sqlite] with [/appl/cuda/11.8.0/nsight-systems-2022.4.2/host-linux-x64/reports/dx12gpumarkersum.py]... 
SKIPPED: cupy_profile_modified.sqlite does not contain DX12 GPU debug markers.

Processing [cupy_profile_modified.sqlite] with [/appl/cuda/11.8.0/nsight-systems-2022.4.2/host-linux-x64/reports/dx12pixsum.py]... 
SKIPPED: cupy_profile_modified.sqlite does not contain DX12 CPU debug markers.

Processing [cupy_profile_modified.sqlite] with [/appl/cuda/11.8.0/nsight-systems-2022.4.2/host-linux-x64/reports/wddmqueuesdetails.py]... 
SKIPPED: cupy_profile_modified.sqlite does not contain WDDM context data.

Processing [cupy_profile_modified.sqlite] with [/appl/cuda/11.8.0/nsight-systems-2022.4.2/host-linux-x64/reports/unifiedmemory.py]... 
SKIPPED: cupy_profile_modified.sqlite does not contain CUDA Unified Memory CPU page faults data.

Processing [cupy_profile_modified.sqlite] with [/appl/cuda/11.8.0/nsight-systems-2022.4.2/host-linux-x64/reports/unifiedmemorytotals.py]... 
SKIPPED: cupy_profile_modified.sqlite does not contain CUDA Unified Memory CPU page faults data.

Processing [cupy_profile_modified.sqlite] with [/appl/cuda/11.8.0/nsight-systems-2022.4.2/host-linux-x64/reports/umcpupagefaults.py]... 
SKIPPED: cupy_profile_modified.sqlite does not contain CUDA Unified Memory CPU page faults data.

Processing [cupy_profile_modified.sqlite] with [/appl/cuda/11.8.0/nsight-systems-2022.4.2/host-linux-x64/reports/openaccsum.py]... 
SKIPPED: cupy_profile_modified.sqlite does not contain OpenACC event data.


------------------------------------------------------------
Sender: LSF System <lsfadmin@hpc.dtu.dk>
Subject: Job 28239570: <CuPy_profile_modified> in cluster <dcc> Done

Job <CuPy_profile_modified> was submitted from host <hpclogin1> by user <s214725> in cluster <dcc> at Mon Apr 20 10:01:44 2026
Job was executed on host(s) <4*n-62-18-13>, in queue <c02613>, as user <s214725> in cluster <dcc> at Mon Apr 20 10:01:46 2026
</zhome/f0/7/167720> was used as the home directory.
</zhome/f0/7/167720/Python_and_HPC/Project> was used as the working directory.
Started at Mon Apr 20 10:01:46 2026
Terminated at Mon Apr 20 10:02:15 2026
Results reported at Mon Apr 20 10:02:15 2026

Your job looked like:

------------------------------------------------------------
# LSBATCH: User input
#!/bin/bash
#BSUB -J CuPy_profile_modified
#BSUB -q c02613
#BSUB -n 4
#BSUB -R "span[hosts=1]"
#BSUB -W 00:30
#BSUB -o CuPy_profile_modified.out
#BSUB -e CuPy_profile_modified.err
#BSUB -R "rusage[mem=1GB]"
#BSUB -M 1GB
#BSUB -gpu "num=1:mode=exclusive_process"

source /dtu/projects/02613_2025/conda/conda_init.sh
conda activate 02613_2026

module purge
module load cuda

echo "=== profiling ==="
nsys profile -f true -o cupy_profile_modified python Task_10.py 1

echo "=== stats ==="
nsys stats cupy_profile_modified.nsys-rep

------------------------------------------------------------

Successfully completed.

Resource usage summary:

    CPU time :                                   8.00 sec.
    Max Memory :                                 142 MB
    Average Memory :                             142.00 MB
    Total Requested Memory :                     4096.00 MB
    Delta Memory :                               3954.00 MB
    Max Swap :                                   -
    Max Processes :                              8
    Max Threads :                                28
    Run time :                                   29 sec.
    Turnaround time :                            31 sec.

The output (if any) is above this job summary.



PS:

Read file <CuPy_profile_modified.err> for stderr output of this job.

